<?xml version="1.0" encoding="UTF-8"?>
<!-- Generated by org.testng.reporters.JUnitReportReporter -->
<testsuite hostname="WINDOWS-UNR7VLH" failures="0" tests="2" name="test.ParallelTest" time="12.213" errors="0" timestamp="2022-10-20T15:17:51 IST" skipped="0">
  <testcase classname="test.ParallelTest" name="edgeTest" time="6.446"/>
  <system-out>
    <![CDATA[Inside the setup where inialisation is done]]>
  </system-out>
  <testcase classname="test.ParallelTest" name="chromeTest" time="5.767"/>
  <system-out>
    <![CDATA[Inside the setup where inialisation is done]]>
  </system-out>
</testsuite> <!-- test.ParallelTest -->
