<?xml version="1.0" encoding="UTF-8"?>
<!-- Generated by org.testng.reporters.JUnitReportReporter -->
<testsuite hostname="WINDOWS-UNR7VLH" failures="0" tests="3" name="test.PriorityDemo" time="7.590" errors="0" timestamp="2022-10-20T14:19:53 IST" skipped="0">
  <testcase classname="test.PriorityDemo" name="login" time="2.597"/>
  <system-out>
    <![CDATA[This is login test]]>
  </system-out>
  <testcase classname="test.PriorityDemo" name="searchHotel" time="1.616"/>
  <system-out>
    <![CDATA[This is searching hotel in specified location]]>
  </system-out>
  <testcase classname="test.PriorityDemo" name="BselectHotel" time="3.377"/>
  <system-out>
    <![CDATA[This is searching hotel in specified location]]>
  </system-out>
</testsuite> <!-- test.PriorityDemo -->
