<?xml version="1.0" encoding="UTF-8"?>
<!-- Generated by org.testng.reporters.JUnitReportReporter -->
<testsuite hostname="WINDOWS-UNR7VLH" failures="0" tests="2" name="test.CrossBrowser" time="5.347" errors="0" timestamp="2022-10-20T15:19:51 IST" skipped="0">
  <testcase classname="test.CrossBrowser" name="f" time="2.694"/>
  <system-out/>
  <testcase classname="test.CrossBrowser" name="f" time="2.653"/>
  <system-out/>
</testsuite> <!-- test.CrossBrowser -->
