<?xml version="1.0" encoding="UTF-8"?>
<!-- Generated by org.testng.reporters.JUnitReportReporter -->
<testsuite hostname="WINDOWS-UNR7VLH" failures="0" tests="2" name="test.ParallelTest" time="18.112" errors="0" timestamp="2022-10-20T13:07:52 IST" skipped="0">
  <testcase classname="test.ParallelTest" name="chromeTest" time="9.587"/>
  <system-out/>
  <testcase classname="test.ParallelTest" name="edgeTest" time="8.525"/>
  <system-out/>
</testsuite> <!-- test.ParallelTest -->
