<?xml version="1.0" encoding="UTF-8"?>
<!-- Generated by org.testng.reporters.JUnitReportReporter -->
<testsuite hostname="WINDOWS-UNR7VLH" failures="0" tests="1" name="test.NetMeds" time="15.118" errors="0" timestamp="2022-10-27T12:55:21 IST" skipped="0">
  <testcase classname="test.NetMeds" name="medicineDropDown" time="15.118"/>
  <system-out>
    <![CDATA[This is Medicine Drop Down test]]>
  </system-out>
</testsuite> <!-- test.NetMeds -->
