<?xml version="1.0" encoding="UTF-8"?>
<!-- Generated by org.testng.reporters.JUnitReportReporter -->
<testsuite hostname="WINDOWS-UNR7VLH" failures="0" tests="1" name="test.NewTest" time="0.029" errors="0" timestamp="2022-10-25T14:21:35 IST" skipped="0">
  <testcase classname="test.NewTest" name="f" time="0.029"/>
  <system-out/>
</testsuite> <!-- test.NewTest -->
