<?xml version="1.0" encoding="UTF-8"?>
<!-- Generated by org.testng.reporters.JUnitReportReporter -->
<testsuite hostname="WINDOWS-UNR7VLH" failures="0" tests="2" name="framework.DataProviderTest" time="14.084" errors="0" timestamp="2022-10-21T11:04:39 IST" skipped="0">
  <testcase classname="framework.DataProviderTest" name="test" time="7.551"/>
  <system-out/>
  <testcase classname="framework.DataProviderTest" name="test" time="6.533"/>
  <system-out/>
</testsuite> <!-- framework.DataProviderTest -->
