<?xml version="1.0" encoding="UTF-8"?>
<!-- Generated by org.testng.reporters.JUnitReportReporter -->
<testsuite hostname="WINDOWS-UNR7VLH" failures="0" tests="4" name="tests.CartTest" time="73.718" errors="0" timestamp="2022-10-27T10:37:34 IST" skipped="0">
  <testcase classname="tests.CartTest" name="Login" time="33.771"/>
  <system-out/>
  <testcase classname="tests.CartTest" name="medicineDropDown" time="22.799"/>
  <system-out>
    <![CDATA[This is Medicine Drop Down test]]>
  </system-out>
  <testcase classname="tests.CartTest" name="beauty" time="8.663"/>
  <system-out/>
  <testcase classname="tests.CartTest" name="CartTestValidation" time="8.485"/>
  <system-out/>
</testsuite> <!-- tests.CartTest -->
