<?xml version="1.0" encoding="UTF-8"?>
<!-- Generated by org.testng.reporters.JUnitReportReporter -->
<testsuite hostname="WINDOWS-UNR7VLH" failures="0" tests="1" name="test.RestAssuredWithTestNG" time="7.668" errors="0" timestamp="2022-11-03T16:55:37 IST" skipped="0">
  <testcase classname="test.RestAssuredWithTestNG" name="getReqResUsers" time="7.668"/>
  <system-out/>
</testsuite> <!-- test.RestAssuredWithTestNG -->
