<?xml version="1.0" encoding="UTF-8"?>
<!-- Generated by org.testng.reporters.JUnitReportReporter -->
<testsuite hostname="WINDOWS-UNR7VLH" failures="0" tests="1" name="test.TestNG_PostReq" time="8.239" errors="0" timestamp="2022-11-04T15:13:19 IST" skipped="0">
  <testcase classname="test.TestNG_PostReq" name="postReqResUser" time="8.239"/>
  <system-out/>
</testsuite> <!-- test.TestNG_PostReq -->
