<?xml version="1.0" encoding="UTF-8"?>
<!-- Generated by org.testng.reporters.JUnitReportReporter -->
<testsuite hostname="WINDOWS-UNR7VLH" failures="0" tests="1" name="practice.PracticeLink2" time="36.676" errors="0" timestamp="2022-11-04T22:45:37 IST" skipped="0">
  <testcase classname="practice.PracticeLink2" name="headerStatusCode" time="36.676"/>
  <system-out/>
</testsuite> <!-- practice.PracticeLink2 -->
