<?xml version="1.0" encoding="UTF-8"?>
<!-- Generated by org.testng.reporters.JUnitReportReporter -->
<testsuite hostname="WINDOWS-UNR7VLH" failures="0" tests="1" name="test.TestNG_Put" time="6.508" errors="0" timestamp="2022-11-07T16:23:24 IST" skipped="0">
  <testcase classname="test.TestNG_Put" name="goRestPut" time="6.508"/>
  <system-out/>
</testsuite> <!-- test.TestNG_Put -->
