<?xml version="1.0" encoding="UTF-8"?>
<!-- Generated by org.testng.reporters.JUnitReportReporter -->
<testsuite hostname="WINDOWS-UNR7VLH" failures="0" tests="1" name="test.TestNGQueryparam" time="6.631" errors="0" timestamp="2022-11-03T17:21:57 IST" skipped="0">
  <testcase classname="test.TestNGQueryparam" name="getReqResUserList" time="6.631"/>
  <system-out/>
</testsuite> <!-- test.TestNGQueryparam -->
