<?xml version="1.0" encoding="UTF-8"?>
<!-- Generated by org.testng.reporters.JUnitReportReporter -->
<testsuite hostname="WINDOWS-UNR7VLH" failures="0" tests="1" name="test.AuthDemo" time="6.025" errors="0" timestamp="2022-11-07T12:08:56 IST" skipped="0">
  <testcase classname="test.AuthDemo" name="authentication" time="6.025"/>
  <system-out/>
</testsuite> <!-- test.AuthDemo -->
