<?xml version="1.0" encoding="UTF-8"?>
<!-- Generated by org.testng.reporters.JUnitReportReporter -->
<testsuite hostname="WINDOWS-UNR7VLH" failures="0" tests="1" name="test.AuthDemo2" time="7.162" errors="0" timestamp="2022-11-07T16:37:43 IST" skipped="0">
  <testcase classname="test.AuthDemo2" name="authentication" time="7.162"/>
  <system-out/>
</testsuite> <!-- test.AuthDemo2 -->
