<?xml version="1.0" encoding="UTF-8"?>
<!-- Generated by org.testng.reporters.JUnitReportReporter -->
<testsuite hostname="WINDOWS-UNR7VLH" failures="0" tests="1" name="test.TestNG_Put1" time="3.614" errors="0" timestamp="2022-11-08T22:51:34 IST" skipped="0">
  <testcase classname="test.TestNG_Put1" name="requestPut" time="3.614"/>
  <system-out/>
</testsuite> <!-- test.TestNG_Put1 -->
