<?xml version="1.0" encoding="UTF-8"?>
<!-- Generated by org.testng.reporters.JUnitReportReporter -->
<testsuite hostname="WINDOWS-UNR7VLH" failures="0" tests="1" name="practice.PracticeLink3" time="6.959" errors="0" timestamp="2022-11-04T22:56:11 IST" skipped="0">
  <testcase classname="practice.PracticeLink3" name="getResponseBody" time="6.959"/>
  <system-out/>
</testsuite> <!-- practice.PracticeLink3 -->
