<?xml version="1.0" encoding="UTF-8"?>
<!-- Generated by org.testng.reporters.JUnitReportReporter -->
<testsuite hostname="WINDOWS-UNR7VLH" failures="0" tests="1" name="test.TestNG_JSON_Manipulation" time="8.932" errors="0" timestamp="2022-11-07T15:55:58 IST" skipped="0">
  <testcase classname="test.TestNG_JSON_Manipulation" name="jsonManipulation" time="8.932"/>
  <system-out/>
</testsuite> <!-- test.TestNG_JSON_Manipulation -->
