<?xml version="1.0" encoding="UTF-8"?>
<!-- Generated by org.testng.reporters.JUnitReportReporter -->
<testsuite hostname="WINDOWS-UNR7VLH" failures="0" tests="1" name="test.TestNG_Post" time="6.639" errors="0" timestamp="2022-11-07T16:03:45 IST" skipped="0">
  <testcase classname="test.TestNG_Post" name="goRestPut" time="6.639"/>
  <system-out/>
</testsuite> <!-- test.TestNG_Post -->
