<?xml version="1.0" encoding="UTF-8"?>
<!-- Generated by org.testng.reporters.JUnitReportReporter -->
<testsuite hostname="WINDOWS-UNR7VLH" failures="0" tests="1" name="test.SearchMedicineTest" time="15.709" errors="0" timestamp="2022-10-23T15:32:55 IST" skipped="0">
  <testcase classname="test.SearchMedicineTest" name="f" time="15.709"/>
  <system-out/>
</testsuite> <!-- test.SearchMedicineTest -->
