<?xml version="1.0" encoding="UTF-8"?>
<!-- Generated by org.testng.reporters.JUnitReportReporter -->
<testsuite hostname="WINDOWS-UNR7VLH" failures="0" tests="5" name="testCases.PractoTest" time="24.881" errors="0" timestamp="2022-10-27T10:08:52 IST" skipped="0">
  <testcase classname="testCases.PractoTest" name="loginTest" time="8.071"/>
  <system-out/>
  <testcase classname="testCases.PractoTest" name="locAndNavTest" time="5.391"/>
  <system-out/>
  <testcase classname="testCases.PractoTest" name="medicineTest" time="5.821"/>
  <system-out/>
  <testcase classname="testCases.PractoTest" name="addProductsTest" time="0.981"/>
  <system-out/>
  <testcase classname="testCases.PractoTest" name="viewCartTest" time="4.617"/>
  <system-out/>
</testsuite> <!-- testCases.PractoTest -->
