<?xml version="1.0" encoding="UTF-8"?>
<!-- Generated by org.testng.reporters.JUnitReportReporter -->
<testsuite hostname="WINDOWS-UNR7VLH" failures="0" tests="1" name="test.ModulesTest" time="0.822" errors="0" timestamp="2022-10-21T16:20:34 IST" skipped="0">
  <testcase classname="test.ModulesTest" name="navigate" time="0.822"/>
  <system-out/>
</testsuite> <!-- test.ModulesTest -->
