<?xml version="1.0" encoding="UTF-8"?>
<!-- Generated by org.testng.reporters.JUnitReportReporter -->
<testsuite hostname="WINDOWS-UNR7VLH" failures="0" tests="1" name="test.ExtentDemo" time="10.364" errors="0" timestamp="2022-10-21T13:53:42 IST" skipped="0">
  <testcase classname="test.ExtentDemo" name="extentReportDemo" time="10.364"/>
  <system-out/>
</testsuite> <!-- test.ExtentDemo -->
